<?xml version="1.0" encoding="UTF-8"?>
<!-- Generated by org.testng.reporters.JUnitReportReporter -->
<testsuite skipped="0" hostname="W0472501MSMXT" name="com.w2a.testcases.SignInTest" tests="2" failures="0" timestamp="2019-12-26T09:52:51 IST" time="37.380" errors="0">
  <testcase name="signInTest" time="22.641" classname="com.w2a.testcases.SignInTest"/>
  <testcase name="signInTest" time="14.739" classname="com.w2a.testcases.SignInTest"/>
</testsuite> <!-- com.w2a.testcases.SignInTest -->
